\BOOKMARK [1][-]{section.1}{\376\377\000I\000n\000t\000r\000o\000d\000u\000c\000t\000i\000o\000n}{}% 1
\BOOKMARK [2][-]{subsection.1.1}{\376\377\000O\000b\000j\000e\000c\000t\000i\000v\000e\000s}{section.1}% 2
\BOOKMARK [2][-]{subsection.1.2}{\376\377\000M\000o\000t\000i\000v\000a\000t\000i\000o\000n}{section.1}% 3
\BOOKMARK [1][-]{section.2}{\376\377\000L\000N\000A\000\040\000A\000r\000c\000h\000i\000t\000e\000c\000t\000u\000r\000e}{}% 4
\BOOKMARK [2][-]{subsection.2.1}{\376\377\000C\000o\000m\000m\000o\000n\000\040\000G\000a\000t\000e\000\040\000a\000n\000d\000\040\000C\000o\000m\000m\000o\000n\000\040\000S\000o\000u\000r\000c\000e\000\040\000c\000o\000m\000b\000i\000n\000a\000t\000i\000o\000n\000\040\000g\000a\000i\000n\000\040\000s\000t\000a\000g\000e\000s}{section.2}% 5
\BOOKMARK [3][-]{subsubsection.2.1.1}{\376\377\000C\000o\000m\000m\000o\000n\000\040\000G\000a\000t\000e\000\040\000S\000t\000a\000g\000e}{subsection.2.1}% 6
\BOOKMARK [3][-]{subsubsection.2.1.2}{\376\377\000C\000o\000m\000m\000o\000n\000\040\000S\000o\000u\000r\000c\000e\000\040\000S\000t\000a\000g\000e}{subsection.2.1}% 7
\BOOKMARK [2][-]{subsection.2.2}{\376\377\000B\000u\000f\000f\000e\000r\000\040\000S\000t\000a\000g\000e}{section.2}% 8
\BOOKMARK [1][-]{section.3}{\376\377\000D\000e\000s\000i\000g\000n\000\040\000o\000f\000\040\000t\000h\000e\000\040\000L\000N\000A}{}% 9
\BOOKMARK [2][-]{subsection.3.1}{\376\377\000C\000o\000m\000m\000o\000n\000\040\000G\000a\000t\000e\000\040\000S\000t\000a\000g\000e\000\040\000D\000e\000s\000i\000g\000n}{section.3}% 10
\BOOKMARK [2][-]{subsection.3.2}{\376\377\000C\000o\000m\000m\000o\000n\000\040\000S\000o\000u\000r\000c\000e\000\040\000S\000t\000a\000g\000e\000\040\000D\000e\000s\000i\000g\000n}{section.3}% 11
\BOOKMARK [2][-]{subsection.3.3}{\376\377\000B\000u\000f\000f\000e\000r\000\040\000S\000t\000a\000g\000e\000\040\000D\000e\000s\000i\000g\000n}{section.3}% 12
\BOOKMARK [1][-]{section.4}{\376\377\000S\000i\000m\000u\000l\000a\000t\000i\000o\000n\000\040\000a\000n\000d\000\040\000R\000e\000s\000u\000l\000t\000s\000\040\000a\000n\000a\000l\000y\000s\000i\000s}{}% 13
\BOOKMARK [2][-]{subsection.4.1}{\376\377\000S\000i\000m\000u\000l\000a\000t\000i\000o\000n\000\040\000f\000o\000r\000\040\0003\0005\0000\000\040\000n\000m\000\040\000T\000e\000c\000h\000n\000o\000l\000o\000g\000y}{section.4}% 14
\BOOKMARK [2][-]{subsection.4.2}{\376\377\000S\000i\000m\000u\000l\000a\000t\000i\000o\000n\000\040\000f\000o\000r\000\040\0006\0005\000\040\000n\000m\000\040\000T\000e\000c\000h\000n\000o\000l\000o\000g\000y}{section.4}% 15
\BOOKMARK [3][-]{subsubsection.4.2.1}{\376\377\0001\000:\0001\000\040\000g\000m\000\040\000r\000a\000t\000i\000o}{subsection.4.2}% 16
\BOOKMARK [3][-]{subsubsection.4.2.2}{\376\377\0001\000:\000n\000\040\000g\000m\000\040\000r\000a\000t\000i\000o}{subsection.4.2}% 17
\BOOKMARK [2][-]{subsection.4.3}{\376\377\000S\000i\000m\000u\000l\000a\000t\000i\000o\000n\000\040\000f\000o\000r\000\040\0004\0005\000\040\000n\000m\000\040\000T\000e\000c\000h\000n\000o\000l\000o\000g\000y}{section.4}% 18
\BOOKMARK [2][-]{subsection.4.4}{\376\377\000R\000e\000s\000u\000l\000t\000s\000\040\000A\000n\000a\000l\000y\000s\000i\000s\000\040\000a\000n\000d\000\040\000C\000o\000m\000p\000a\000r\000i\000s\000o\000n}{section.4}% 19
\BOOKMARK [1][-]{section.5}{\376\377\000F\000i\000n\000a\000l\000\040\000C\000i\000r\000c\000u\000i\000t}{}% 20
\BOOKMARK [1][-]{section.6}{\376\377\000C\000o\000n\000c\000l\000u\000s\000i\000o\000n}{}% 21
\BOOKMARK [1][-]{appendix.A}{\376\377\000A\000p\000p\000e\000n\000d\000i\000x\000\040\000A\000:\000\040\000P\000y\000t\000h\000o\000n\000\040\000S\000c\000r\000i\000p\000t}{}% 22
